This is XeTeX, Version 3.141592653-2.6-0.999997 (TeX Live 2025) (preloaded format=xelatex 2025.3.21)  18 APR 2026 23:26
entering extended mode
 restricted \write18 enabled.
 %&-line parsing enabled.
**main.tex
(./main.tex
LaTeX2e <2024-11-01> patch level 2
L3 programming layer <2025-01-18>
(/usr/local/texlive/2025/texmf-dist/tex/latex/extsizes/extbook.cls
Document Class: extbook 1999/01/07 v1.4a NON-Standard LaTeX document class
(/usr/local/texlive/2025/texmf-dist/tex/latex/extsizes/size14.clo
File: size14.clo 1999/11/11 v1.4a NON-Standard LaTeX file (size option)
)
(/usr/local/texlive/2025/texmf-dist/tex/latex/base/exscale.sty
Package: exscale 2018/09/24 v2.1i Standard LaTeX package exscale
LaTeX Font Info:    Redeclaring symbol font `largesymbols' on input line 57.
LaTeX Font Info:    Overwriting symbol font `largesymbols' in version `normal'
(Font)                  OMX/cmex/m/n --> OMX/cmex/m/n on input line 57.
LaTeX Font Info:    Overwriting symbol font `largesymbols' in version `bold'
(Font)                  OMX/cmex/m/n --> OMX/cmex/m/n on input line 57.
\big@size=\dimen141
)
\c@part=\count192
\c@chapter=\count193
\c@section=\count194
\c@subsection=\count195
\c@subsubsection=\count196
\c@paragraph=\count197
\c@subparagraph=\count198
\c@figure=\count199
\c@table=\count266
\abovecaptionskip=\skip49
\belowcaptionskip=\skip50
\bibindent=\dimen142
)
(./preamble.tex
(/usr/local/texlive/2025/texmf-dist/tex/latex/fontspec/fontspec.sty
(/usr/local/texlive/2025/texmf-dist/tex/latex/l3packages/xparse/xparse.sty
(/usr/local/texlive/2025/texmf-dist/tex/latex/l3kernel/expl3.sty
Package: expl3 2025-01-18 L3 programming layer (loader) 

(/usr/local/texlive/2025/texmf-dist/tex/latex/l3backend/l3backend-xetex.def
File: l3backend-xetex.def 2024-05-08 L3 backend support: XeTeX
\g__graphics_track_int=\count267
\l__pdf_internal_box=\box52
\g__pdf_backend_annotation_int=\count268
\g__pdf_backend_link_int=\count269
))
Package: xparse 2024-08-16 L3 Experimental document command parser
)
Package: fontspec 2024/05/11 v2.9e Font selection for XeLaTeX and LuaLaTeX

(/usr/local/texlive/2025/texmf-dist/tex/latex/fontspec/fontspec-xetex.sty
Package: fontspec-xetex 2024/05/11 v2.9e Font selection for XeLaTeX and LuaLaTe
X
\l__fontspec_script_int=\count270
\l__fontspec_language_int=\count271
\l__fontspec_strnum_int=\count272
\l__fontspec_tmp_int=\count273
\l__fontspec_tmpa_int=\count274
\l__fontspec_tmpb_int=\count275
\l__fontspec_tmpc_int=\count276
\l__fontspec_em_int=\count277
\l__fontspec_emdef_int=\count278
\l__fontspec_strong_int=\count279
\l__fontspec_strongdef_int=\count280
\l__fontspec_tmpa_dim=\dimen143
\l__fontspec_tmpb_dim=\dimen144
\l__fontspec_tmpc_dim=\dimen145

(/usr/local/texlive/2025/texmf-dist/tex/latex/base/fontenc.sty
Package: fontenc 2021/04/29 v2.0v Standard LaTeX package
)
(/usr/local/texlive/2025/texmf-dist/tex/latex/fontspec/fontspec.cfg)))

Package fontspec Info: 
(fontspec)             Font family 'TimesNewRoman(0)' created for font 'Times
(fontspec)             New Roman' with options [Ligatures=TeX].
(fontspec)              
(fontspec)              This font family consists of the following NFSS
(fontspec)             series/shapes:
(fontspec)              
(fontspec)             - 'normal' (m/n) with NFSS spec.: <->"Times New
(fontspec)             Roman/OT:script=latn;language=dflt;mapping=tex-text;"
(fontspec)             - 'bold' (b/n) with NFSS spec.: <->"Times New
(fontspec)             Roman/B/OT:script=latn;language=dflt;mapping=tex-text;"
(fontspec)             - 'italic' (m/it) with NFSS spec.: <->"Times New
(fontspec)             Roman/I/OT:script=latn;language=dflt;mapping=tex-text;"
(fontspec)             - 'bold italic' (b/it) with NFSS spec.: <->"Times New
(fontspec)             Roman/BI/OT:script=latn;language=dflt;mapping=tex-text;"



(/usr/local/texlive/2025/texmf-dist/tex/latex/geometry/geometry.sty
Package: geometry 2020/01/02 v5.9 Page Geometry

(/usr/local/texlive/2025/texmf-dist/tex/latex/graphics/keyval.sty
Package: keyval 2022/05/29 v1.15 key=value parser (DPC)
\KV@toks@=\toks17
)
(/usr/local/texlive/2025/texmf-dist/tex/generic/iftex/ifvtex.sty
Package: ifvtex 2019/10/25 v1.7 ifvtex legacy package. Use iftex instead.

(/usr/local/texlive/2025/texmf-dist/tex/generic/iftex/iftex.sty
Package: iftex 2024/12/12 v1.0g TeX engine tests
))
\Gm@cnth=\count281
\Gm@cntv=\count282
\c@Gm@tempcnt=\count283
\Gm@bindingoffset=\dimen146
\Gm@wd@mp=\dimen147
\Gm@odd@mp=\dimen148
\Gm@even@mp=\dimen149
\Gm@layoutwidth=\dimen150
\Gm@layoutheight=\dimen151
\Gm@layouthoffset=\dimen152
\Gm@layoutvoffset=\dimen153
\Gm@dimlist=\toks18
)
(/usr/local/texlive/2025/texmf-dist/tex/latex/setspace/setspace.sty
Package: setspace 2022/12/04 v6.7b set line spacing
)
(/usr/local/texlive/2025/texmf-dist/tex/latex/fancyhdr/fancyhdr.sty
Package: fancyhdr 2025/02/07 v5.2 Extensive control of page headers and footers

\f@nch@headwidth=\skip51
\f@nch@offset@elh=\skip52
\f@nch@offset@erh=\skip53
\f@nch@offset@olh=\skip54
\f@nch@offset@orh=\skip55
\f@nch@offset@elf=\skip56
\f@nch@offset@erf=\skip57
\f@nch@offset@olf=\skip58
\f@nch@offset@orf=\skip59
\f@nch@height=\skip60
\f@nch@footalignment=\skip61
\f@nch@widthL=\skip62
\f@nch@widthC=\skip63
\f@nch@widthR=\skip64
\@temptokenb=\toks19
)
(/usr/local/texlive/2025/texmf-dist/tex/latex/titlesec/titlesec.sty
Package: titlesec 2025/01/04 v2.17 Sectioning titles
\ttl@box=\box53
\beforetitleunit=\skip65
\aftertitleunit=\skip66
\ttl@plus=\dimen154
\ttl@minus=\dimen155
\ttl@toksa=\toks20
\titlewidth=\dimen156
\titlewidthlast=\dimen157
\titlewidthfirst=\dimen158
)
(/usr/local/texlive/2025/texmf-dist/tex/latex/tocloft/tocloft.sty
Package: tocloft 2017/08/31 v2.3i parameterised ToC, etc., typesetting
Package tocloft Info: The document has chapter divisions on input line 51.
\cftparskip=\skip67
\cftbeforetoctitleskip=\skip68
\cftaftertoctitleskip=\skip69
\cftbeforepartskip=\skip70
\cftpartnumwidth=\skip71
\cftpartindent=\skip72
\cftbeforechapskip=\skip73
\cftchapindent=\skip74
\cftchapnumwidth=\skip75
\cftbeforesecskip=\skip76
\cftsecindent=\skip77
\cftsecnumwidth=\skip78
\cftbeforesubsecskip=\skip79
\cftsubsecindent=\skip80
\cftsubsecnumwidth=\skip81
\cftbeforesubsubsecskip=\skip82
\cftsubsubsecindent=\skip83
\cftsubsubsecnumwidth=\skip84
\cftbeforeparaskip=\skip85
\cftparaindent=\skip86
\cftparanumwidth=\skip87
\cftbeforesubparaskip=\skip88
\cftsubparaindent=\skip89
\cftsubparanumwidth=\skip90
\cftbeforeloftitleskip=\skip91
\cftafterloftitleskip=\skip92
\cftbeforefigskip=\skip93
\cftfigindent=\skip94
\cftfignumwidth=\skip95
\c@lofdepth=\count284
\c@lotdepth=\count285
\cftbeforelottitleskip=\skip96
\cftafterlottitleskip=\skip97
\cftbeforetabskip=\skip98
\cfttabindent=\skip99
\cfttabnumwidth=\skip100
)
(./config-lists.tex
(/usr/local/texlive/2025/texmf-dist/tex/latex/enumitem/enumitem.sty
Package: enumitem 2025/02/06 v3.11 Customized lists
\labelindent=\skip101
\enit@outerparindent=\dimen159
\enit@toks=\toks21
\enit@inbox=\box54
\enit@count@id=\count286
\enitdp@description=\count287
))
(./config-formulas.tex
(/usr/local/texlive/2025/texmf-dist/tex/latex/amscls/amsthm.sty
Package: amsthm 2020/05/29 v2.20.6
\thm@style=\toks22
\thm@bodyfont=\toks23
\thm@headfont=\toks24
\thm@notefont=\toks25
\thm@headpunct=\toks26
\thm@preskip=\skip102
\thm@postskip=\skip103
\thm@headsep=\skip104
\dth@everypar=\toks27
)
(/usr/local/texlive/2025/texmf-dist/tex/latex/amsmath/amsmath.sty
Package: amsmath 2024/11/05 v2.17t AMS math features
\@mathmargin=\skip105

For additional information on amsmath, use the `?' option.
(/usr/local/texlive/2025/texmf-dist/tex/latex/amsmath/amstext.sty
Package: amstext 2021/08/26 v2.01 AMS text

(/usr/local/texlive/2025/texmf-dist/tex/latex/amsmath/amsgen.sty
File: amsgen.sty 1999/11/30 v2.0 generic functions
\@emptytoks=\toks28
\ex@=\dimen160
))
(/usr/local/texlive/2025/texmf-dist/tex/latex/amsmath/amsbsy.sty
Package: amsbsy 1999/11/29 v1.2d Bold Symbols
\pmbraise@=\dimen161
)
(/usr/local/texlive/2025/texmf-dist/tex/latex/amsmath/amsopn.sty
Package: amsopn 2022/04/08 v2.04 operator names
)
\inf@bad=\count288
LaTeX Info: Redefining \frac on input line 233.
\uproot@=\count289
\leftroot@=\count290
LaTeX Info: Redefining \overline on input line 398.
LaTeX Info: Redefining \colon on input line 409.
\classnum@=\count291
\DOTSCASE@=\count292
LaTeX Info: Redefining \ldots on input line 495.
LaTeX Info: Redefining \dots on input line 498.
LaTeX Info: Redefining \cdots on input line 619.
\Mathstrutbox@=\box55
\strutbox@=\box56
LaTeX Info: Redefining \big on input line 721.
LaTeX Info: Redefining \Big on input line 722.
LaTeX Info: Redefining \bigg on input line 723.
LaTeX Info: Redefining \Bigg on input line 724.
\big@size=\dimen162
LaTeX Font Info:    Redeclaring font encoding OML on input line 742.
LaTeX Font Info:    Redeclaring font encoding OMS on input line 743.
\macc@depth=\count293
LaTeX Info: Redefining \bmod on input line 904.
LaTeX Info: Redefining \pmod on input line 909.
LaTeX Info: Redefining \smash on input line 939.
LaTeX Info: Redefining \relbar on input line 969.
LaTeX Info: Redefining \Relbar on input line 970.
\c@MaxMatrixCols=\count294
\dotsspace@=\muskip17
\c@parentequation=\count295
\dspbrk@lvl=\count296
\tag@help=\toks29
\row@=\count297
\column@=\count298
\maxfields@=\count299
\andhelp@=\toks30
\eqnshift@=\dimen163
\alignsep@=\dimen164
\tagshift@=\dimen165
\tagwidth@=\dimen166
\totwidth@=\dimen167
\lineht@=\dimen168
\@envbody=\toks31
\multlinegap=\skip106
\multlinetaggap=\skip107
\mathdisplay@stack=\toks32
LaTeX Info: Redefining \[ on input line 2953.
LaTeX Info: Redefining \] on input line 2954.
)
(/usr/local/texlive/2025/texmf-dist/tex/latex/amsfonts/amssymb.sty
Package: amssymb 2013/01/14 v3.01 AMS font symbols

(/usr/local/texlive/2025/texmf-dist/tex/latex/amsfonts/amsfonts.sty
Package: amsfonts 2013/01/14 v3.01 Basic AMSFonts support
\symAMSa=\mathgroup4
\symAMSb=\mathgroup5
LaTeX Font Info:    Redeclaring math symbol \hbar on input line 98.
LaTeX Font Info:    Overwriting math alphabet `\mathfrak' in version `bold'
(Font)                  U/euf/m/n --> U/euf/b/n on input line 106.
))
\c@theorem=\count300
)
(./config-tables.tex
(/usr/local/texlive/2025/texmf-dist/tex/latex/booktabs/booktabs.sty
Package: booktabs 2020/01/12 v1.61803398 Publication quality tables
\heavyrulewidth=\dimen169
\lightrulewidth=\dimen170
\cmidrulewidth=\dimen171
\belowrulesep=\dimen172
\belowbottomsep=\dimen173
\aboverulesep=\dimen174
\abovetopsep=\dimen175
\cmidrulesep=\dimen176
\cmidrulekern=\dimen177
\defaultaddspace=\dimen178
\@cmidla=\count301
\@cmidlb=\count302
\@aboverulesep=\dimen179
\@belowrulesep=\dimen180
\@thisruleclass=\count303
\@lastruleclass=\count304
\@thisrulewidth=\dimen181
)
(/usr/local/texlive/2025/texmf-dist/tex/latex/multirow/multirow.sty
Package: multirow 2024/11/12 v2.9 Span multiple rows of a table
\multirow@colwidth=\skip108
\multirow@cntb=\count305
\multirow@dima=\skip109
\bigstrutjot=\dimen182
)
(/usr/local/texlive/2025/texmf-dist/tex/latex/caption/caption.sty
Package: caption 2023/08/05 v3.6o Customizing captions (AR)

(/usr/local/texlive/2025/texmf-dist/tex/latex/caption/caption3.sty
Package: caption3 2023/07/31 v2.4d caption3 kernel (AR)
\caption@tempdima=\dimen183
\captionmargin=\dimen184
\caption@leftmargin=\dimen185
\caption@rightmargin=\dimen186
\caption@width=\dimen187
\caption@indent=\dimen188
\caption@parindent=\dimen189
\caption@hangindent=\dimen190
Package caption Info: Standard document class detected.
)
\c@caption@flags=\count306
\c@continuedfloat=\count307
)
(/usr/local/texlive/2025/texmf-dist/tex/latex/tools/longtable.sty
Package: longtable 2024-10-27 v4.22 Multi-page Table package (DPC)
\LTleft=\skip110
\LTright=\skip111
\LTpre=\skip112
\LTpost=\skip113
\LTchunksize=\count308
\LTcapwidth=\dimen191
\LT@head=\box57
\LT@firsthead=\box58
\LT@foot=\box59
\LT@lastfoot=\box60
\LT@gbox=\box61
\LT@cols=\count309
\LT@rows=\count310
\c@LT@tables=\count311
\c@LT@chunks=\count312
\LT@p@ftn=\toks33
)
(/usr/local/texlive/2025/texmf-dist/tex/latex/etoolbox/etoolbox.sty
Package: etoolbox 2025/02/11 v2.5l e-TeX tools for LaTeX (JAW)
\etb@tempcnta=\count313
))
(./config-images.tex
(/usr/local/texlive/2025/texmf-dist/tex/latex/graphics/graphicx.sty
Package: graphicx 2021/09/16 v1.2d Enhanced LaTeX Graphics (DPC,SPQR)

(/usr/local/texlive/2025/texmf-dist/tex/latex/graphics/graphics.sty
Package: graphics 2024/08/06 v1.4g Standard LaTeX Graphics (DPC,SPQR)

(/usr/local/texlive/2025/texmf-dist/tex/latex/graphics/trig.sty
Package: trig 2023/12/02 v1.11 sin cos tan (DPC)
)
(/usr/local/texlive/2025/texmf-dist/tex/latex/graphics-cfg/graphics.cfg
File: graphics.cfg 2016/06/04 v1.11 sample graphics configuration
)
Package graphics Info: Driver file: xetex.def on input line 106.

(/usr/local/texlive/2025/texmf-dist/tex/latex/graphics-def/xetex.def
File: xetex.def 2022/09/22 v5.0n Graphics/color driver for xetex
))
\Gin@req@height=\dimen192
\Gin@req@width=\dimen193
))
(/usr/local/texlive/2025/texmf-dist/tex/latex/biblatex/biblatex.sty
Package: biblatex 2024/03/21 v3.20 programmable bibliographies (PK/MW)

(/usr/local/texlive/2025/texmf-dist/tex/generic/pdftexcmds/pdftexcmds.sty
Package: pdftexcmds 2020-06-27 v0.33 Utility functions of pdfTeX for LuaTeX (HO
)

(/usr/local/texlive/2025/texmf-dist/tex/generic/infwarerr/infwarerr.sty
Package: infwarerr 2019/12/03 v1.5 Providing info/warning/error messages (HO)
)
(/usr/local/texlive/2025/texmf-dist/tex/generic/ltxcmds/ltxcmds.sty
Package: ltxcmds 2023-12-04 v1.26 LaTeX kernel commands for general use (HO)
)
Package pdftexcmds Info: \pdf@primitive is available.
Package pdftexcmds Info: \pdf@ifprimitive is available.
Package pdftexcmds Info: \pdfdraftmode not found.
)
(/usr/local/texlive/2025/texmf-dist/tex/latex/kvoptions/kvoptions.sty
Package: kvoptions 2022-06-15 v3.15 Key value format for package options (HO)

(/usr/local/texlive/2025/texmf-dist/tex/latex/kvsetkeys/kvsetkeys.sty
Package: kvsetkeys 2022-10-05 v1.19 Key value parser (HO)
))
(/usr/local/texlive/2025/texmf-dist/tex/latex/logreq/logreq.sty
Package: logreq 2010/08/04 v1.0 xml request logger
\lrq@indent=\count314

(/usr/local/texlive/2025/texmf-dist/tex/latex/logreq/logreq.def
File: logreq.def 2010/08/04 v1.0 logreq spec v1.0
))
(/usr/local/texlive/2025/texmf-dist/tex/latex/base/ifthen.sty
Package: ifthen 2024/03/16 v1.1e Standard LaTeX ifthen package (DPC)
)
(/usr/local/texlive/2025/texmf-dist/tex/latex/url/url.sty
\Urlmuskip=\muskip18
Package: url 2013/09/16  ver 3.4  Verb mode for urls, etc.
)
\c@tabx@nest=\count315
\c@listtotal=\count316
\c@listcount=\count317
\c@liststart=\count318
\c@liststop=\count319
\c@citecount=\count320
\c@citetotal=\count321
\c@multicitecount=\count322
\c@multicitetotal=\count323
\c@instcount=\count324
\c@maxnames=\count325
\c@minnames=\count326
\c@maxitems=\count327
\c@minitems=\count328
\c@citecounter=\count329
\c@maxcitecounter=\count330
\c@savedcitecounter=\count331
\c@uniquelist=\count332
\c@uniquename=\count333
\c@refsection=\count334
\c@refsegment=\count335
\c@maxextratitle=\count336
\c@maxextratitleyear=\count337
\c@maxextraname=\count338
\c@maxextradate=\count339
\c@maxextraalpha=\count340
\c@abbrvpenalty=\count341
\c@highnamepenalty=\count342
\c@lownamepenalty=\count343
\c@maxparens=\count344
\c@parenlevel=\count345
\blx@tempcnta=\count346
\blx@tempcntb=\count347
\blx@tempcntc=\count348
\c@blx@maxsection=\count349
\blx@maxsegment@0=\count350
\blx@notetype=\count351
\blx@parenlevel@text=\count352
\blx@parenlevel@foot=\count353
\blx@sectionciteorder@0=\count354
\blx@sectionciteorderinternal@0=\count355
\blx@entrysetcounter=\count356
\blx@biblioinstance=\count357
\labelnumberwidth=\skip114
\labelalphawidth=\skip115
\biblabelsep=\skip116
\bibitemsep=\skip117
\bibnamesep=\skip118
\bibinitsep=\skip119
\bibparsep=\skip120
\bibhang=\skip121
\blx@bcfin=\read2
\blx@bcfout=\write3
\blx@langwohyphens=\language90
\c@mincomprange=\count358
\c@maxcomprange=\count359
\c@mincompwidth=\count360
Package biblatex Info: Trying to load biblatex default data model...
Package biblatex Info: ... file 'blx-dm.def' found.

(/usr/local/texlive/2025/texmf-dist/tex/latex/biblatex/blx-dm.def
File: blx-dm.def 2024/03/21 v3.20 biblatex datamodel (PK/MW)
)
Package biblatex Info: Trying to load biblatex style data model...
Package biblatex Info: ... file 'gost-numeric.dbx' found.

(/usr/local/texlive/2025/texmf-dist/tex/latex/biblatex-gost/gost-numeric.dbx
File: gost-numeric.dbx 2023/04/25 v1.24 biblatex-gost data model
Package biblatex Info: Trying to load biblatex-gost data model...
Package biblatex Info: ... file 'biblatex-gost.dbx' found.

(/usr/local/texlive/2025/texmf-dist/tex/latex/biblatex-gost/biblatex-gost.dbx
File: biblatex-gost.dbx 2023/04/25 v1.24 biblatex-gost data model
))
Package biblatex Info: Trying to load biblatex custom data model...
Package biblatex Info: ... file 'biblatex-dm.cfg' not found.
\c@afterword=\count361
\c@savedafterword=\count362
\c@annotator=\count363
\c@savedannotator=\count364
\c@author=\count365
\c@savedauthor=\count366
\c@bookauthor=\count367
\c@savedbookauthor=\count368
\c@commentator=\count369
\c@savedcommentator=\count370
\c@editor=\count371
\c@savededitor=\count372
\c@editora=\count373
\c@savededitora=\count374
\c@editorb=\count375
\c@savededitorb=\count376
\c@editorc=\count377
\c@savededitorc=\count378
\c@foreword=\count379
\c@savedforeword=\count380
\c@holder=\count381
\c@savedholder=\count382
\c@introduction=\count383
\c@savedintroduction=\count384
\c@namea=\count385
\c@savednamea=\count386
\c@nameb=\count387
\c@savednameb=\count388
\c@namec=\count389
\c@savednamec=\count390
\c@translator=\count391
\c@savedtranslator=\count392
\c@shortauthor=\count393
\c@savedshortauthor=\count394
\c@shorteditor=\count395
\c@savedshorteditor=\count396
\c@booktranslator=\count397
\c@savedbooktranslator=\count398
\c@bookcommentator=\count399
\c@savedbookcommentator=\count400
\c@bookannotator=\count401
\c@savedbookannotator=\count402
\c@bookintroduction=\count403
\c@savedbookintroduction=\count404
\c@bookforeword=\count405
\c@savedbookforeword=\count406
\c@bookafterword=\count407
\c@savedbookafterword=\count408
\c@labelname=\count409
\c@savedlabelname=\count410
\c@institution=\count411
\c@savedinstitution=\count412
\c@lista=\count413
\c@savedlista=\count414
\c@listb=\count415
\c@savedlistb=\count416
\c@listc=\count417
\c@savedlistc=\count418
\c@listd=\count419
\c@savedlistd=\count420
\c@liste=\count421
\c@savedliste=\count422
\c@listf=\count423
\c@savedlistf=\count424
\c@location=\count425
\c@savedlocation=\count426
\c@organization=\count427
\c@savedorganization=\count428
\c@origlocation=\count429
\c@savedoriglocation=\count430
\c@origpublisher=\count431
\c@savedorigpublisher=\count432
\c@publisher=\count433
\c@savedpublisher=\count434
\c@language=\count435
\c@savedlanguage=\count436
\c@origlanguage=\count437
\c@savedoriglanguage=\count438
\c@bookoriglanguage=\count439
\c@savedbookoriglanguage=\count440
\c@specdata=\count441
\c@savedspecdata=\count442
\c@credits=\count443
\c@savedcredits=\count444
\c@bookcredits=\count445
\c@savedbookcredits=\count446
\c@editioncredits=\count447
\c@savededitioncredits=\count448
\c@pageref=\count449
\c@savedpageref=\count450
\shorthandwidth=\skip122
\shortjournalwidth=\skip123
\shortserieswidth=\skip124
\shorttitlewidth=\skip125
\shortauthorwidth=\skip126
\shorteditorwidth=\skip127
\locallabelnumberwidth=\skip128
\locallabelalphawidth=\skip129
\localshorthandwidth=\skip130
\localshortjournalwidth=\skip131
\localshortserieswidth=\skip132
\localshorttitlewidth=\skip133
\localshortauthorwidth=\skip134
\localshorteditorwidth=\skip135
Package biblatex Info: Trying to load enhanced support for Unicode engines...
Package biblatex Info: ... file 'blx-unicode.def' found.
(/usr/local/texlive/2025/texmf-dist/tex/latex/biblatex/blx-unicode.def)
Package biblatex Info: Trying to load compatibility code...
Package biblatex Info: ... file 'blx-compat.def' found.

(/usr/local/texlive/2025/texmf-dist/tex/latex/biblatex/blx-compat.def
File: blx-compat.def 2024/03/21 v3.20 biblatex compatibility (PK/MW)
)
Package biblatex Info: Trying to load generic definitions...
Package biblatex Info: ... file 'biblatex.def' found.

(/usr/local/texlive/2025/texmf-dist/tex/latex/biblatex/biblatex.def
File: biblatex.def 2024/03/21 v3.20 biblatex compatibility (PK/MW)
\c@textcitecount=\count451
\c@textcitetotal=\count452
\c@textcitemaxnames=\count453
\c@biburlbigbreakpenalty=\count454
\c@biburlbreakpenalty=\count455
\c@biburlnumpenalty=\count456
\c@biburlucpenalty=\count457
\c@biburllcpenalty=\count458
\biburlbigskip=\muskip19
\biburlnumskip=\muskip20
\biburlucskip=\muskip21
\biburllcskip=\muskip22
\c@smartand=\count459
)
Package biblatex Info: Trying to load bibliography style 'gost-numeric'...
Package biblatex Info: ... file 'gost-numeric.bbx' found.

(/usr/local/texlive/2025/texmf-dist/tex/latex/biblatex-gost/gost-numeric.bbx
File: gost-numeric.bbx 2023/04/25 v1.24 biblatex-gost styles
Package biblatex Info: Trying to load bibliography style 'gost-standard'...
Package biblatex Info: ... file 'gost-standard.bbx' found.

(/usr/local/texlive/2025/texmf-dist/tex/latex/biblatex-gost/gost-standard.bbx
File: gost-standard.bbx 2023/04/25 v1.24 biblatex-gost styles
Package biblatex Info: Trying to load biblatex-gost generic definitions...
Package biblatex Info: ... file 'biblatex-gost.def' found.

(/usr/local/texlive/2025/texmf-dist/tex/latex/biblatex-gost/biblatex-gost.def
File: biblatex-gost.def 2023/04/25 v1.24 biblatex-gost styles
)
\c@blx@gost@pointer=\count460
\c@bbx:relatedcount=\count461
\c@bbx:relatedtotal=\count462
Package biblatex Info: Redefining autocite command 'footnote'.
Package biblatex Info: Redefining autocite command 'superscript'.
))
Package biblatex Info: Trying to load citation style 'gost-numeric'...
Package biblatex Info: ... file 'gost-numeric.cbx' found.
 (/usr/local/texlive/2025/texmf-dist/tex/latex/biblatex-gost/gost-numeric.cbx
File: gost-numeric.cbx 2023/04/25 v1.24 biblatex-gost styles
Package biblatex Info: Trying to load citation style 'numeric-comp'...
Package biblatex Info: ... file 'numeric-comp.cbx' found.

(/usr/local/texlive/2025/texmf-dist/tex/latex/biblatex/cbx/numeric-comp.cbx
File: numeric-comp.cbx 2024/03/21 v3.20 biblatex citation style (PK/MW)
\c@cbx@tempcnta=\count463
\c@cbx@tempcntb=\count464
\c@cbx@tempcntc=\count465
\c@cbx@tempcntd=\count466
Package biblatex Info: Redefining '\cite'.
Package biblatex Info: Redefining '\parencite'.
Package biblatex Info: Redefining '\footcite'.
Package biblatex Info: Redefining '\footcitetext'.
Package biblatex Info: Redefining '\smartcite'.
Package biblatex Info: Redefining '\supercite'.
Package biblatex Info: Redefining '\textcite'.
Package biblatex Info: Redefining '\textcites'.
Package biblatex Info: Redefining '\cites'.
Package biblatex Info: Redefining '\parencites'.
Package biblatex Info: Redefining '\smartcites'.
))
Package biblatex Info: Trying to load configuration file...
Package biblatex Info: ... file 'biblatex.cfg' found.

(/usr/local/texlive/2025/texmf-dist/tex/latex/biblatex/biblatex.cfg
File: biblatex.cfg 
)
Package biblatex Info: XeTeX detected.
(biblatex)             Assuming input encoding 'utf8'.
Package biblatex Info: Document encoding is UTF8 ....
Package biblatex Info: ... and expl3
(biblatex)             2025-01-18 L3 programming layer (loader) 
(biblatex)             is new enough (at least 2020/04/06),
(biblatex)             setting 'casechanger=expl3'.

(/usr/local/texlive/2025/texmf-dist/tex/latex/biblatex/blx-case-expl3.sty
Package: blx-case-expl3 2024/03/21 v3.20 expl3 case changing code for biblatex
)))
\@quotelevel=\count467
\@quotereset=\count468

(./main.aux)
\openout1 = `main.aux'.

LaTeX Font Info:    Checking defaults for OML/cmm/m/it on input line 6.
LaTeX Font Info:    ... okay on input line 6.
LaTeX Font Info:    Checking defaults for OMS/cmsy/m/n on input line 6.
LaTeX Font Info:    ... okay on input line 6.
LaTeX Font Info:    Checking defaults for OT1/cmr/m/n on input line 6.
LaTeX Font Info:    ... okay on input line 6.
LaTeX Font Info:    Checking defaults for T1/cmr/m/n on input line 6.
LaTeX Font Info:    ... okay on input line 6.
LaTeX Font Info:    Checking defaults for TS1/cmr/m/n on input line 6.
LaTeX Font Info:    ... okay on input line 6.
LaTeX Font Info:    Checking defaults for TU/lmr/m/n on input line 6.
LaTeX Font Info:    ... okay on input line 6.
LaTeX Font Info:    Checking defaults for OMX/cmex/m/n on input line 6.
LaTeX Font Info:    ... okay on input line 6.
LaTeX Font Info:    Checking defaults for U/cmr/m/n on input line 6.
LaTeX Font Info:    ... okay on input line 6.

Package fontspec Info: 
(fontspec)             Adjusting the maths setup (use [no-math] to avoid
(fontspec)             this).

\symlegacymaths=\mathgroup6
LaTeX Font Info:    Overwriting symbol font `legacymaths' in version `bold'
(Font)                  OT1/cmr/m/n --> OT1/cmr/bx/n on input line 6.
LaTeX Font Info:    Redeclaring math accent \acute on input line 6.
LaTeX Font Info:    Redeclaring math accent \grave on input line 6.
LaTeX Font Info:    Redeclaring math accent \ddot on input line 6.
LaTeX Font Info:    Redeclaring math accent \tilde on input line 6.
LaTeX Font Info:    Redeclaring math accent \bar on input line 6.
LaTeX Font Info:    Redeclaring math accent \breve on input line 6.
LaTeX Font Info:    Redeclaring math accent \check on input line 6.
LaTeX Font Info:    Redeclaring math accent \hat on input line 6.
LaTeX Font Info:    Redeclaring math accent \dot on input line 6.
LaTeX Font Info:    Redeclaring math accent \mathring on input line 6.
LaTeX Font Info:    Redeclaring math symbol \Gamma on input line 6.
LaTeX Font Info:    Redeclaring math symbol \Delta on input line 6.
LaTeX Font Info:    Redeclaring math symbol \Theta on input line 6.
LaTeX Font Info:    Redeclaring math symbol \Lambda on input line 6.
LaTeX Font Info:    Redeclaring math symbol \Xi on input line 6.
LaTeX Font Info:    Redeclaring math symbol \Pi on input line 6.
LaTeX Font Info:    Redeclaring math symbol \Sigma on input line 6.
LaTeX Font Info:    Redeclaring math symbol \Upsilon on input line 6.
LaTeX Font Info:    Redeclaring math symbol \Phi on input line 6.
LaTeX Font Info:    Redeclaring math symbol \Psi on input line 6.
LaTeX Font Info:    Redeclaring math symbol \Omega on input line 6.
LaTeX Font Info:    Redeclaring math symbol \mathdollar on input line 6.
LaTeX Font Info:    Redeclaring symbol font `operators' on input line 6.
LaTeX Font Info:    Encoding `OT1' has changed to `TU' for symbol font
(Font)              `operators' in the math version `normal' on input line 6.
LaTeX Font Info:    Overwriting symbol font `operators' in version `normal'
(Font)                  OT1/cmr/m/n --> TU/TimesNewRoman(0)/m/n on input line 6
.
LaTeX Font Info:    Encoding `OT1' has changed to `TU' for symbol font
(Font)              `operators' in the math version `bold' on input line 6.
LaTeX Font Info:    Overwriting symbol font `operators' in version `bold'
(Font)                  OT1/cmr/bx/n --> TU/TimesNewRoman(0)/m/n on input line 
6.
LaTeX Font Info:    Overwriting symbol font `operators' in version `normal'
(Font)                  TU/TimesNewRoman(0)/m/n --> TU/TimesNewRoman(0)/m/n on 
input line 6.
LaTeX Font Info:    Overwriting math alphabet `\mathit' in version `normal'
(Font)                  OT1/cmr/m/it --> TU/TimesNewRoman(0)/m/it on input line
 6.
LaTeX Font Info:    Overwriting math alphabet `\mathbf' in version `normal'
(Font)                  OT1/cmr/bx/n --> TU/TimesNewRoman(0)/b/n on input line 
6.
LaTeX Font Info:    Overwriting math alphabet `\mathsf' in version `normal'
(Font)                  OT1/cmss/m/n --> TU/lmss/m/n on input line 6.
LaTeX Font Info:    Overwriting math alphabet `\mathtt' in version `normal'
(Font)                  OT1/cmtt/m/n --> TU/lmtt/m/n on input line 6.
LaTeX Font Info:    Overwriting symbol font `operators' in version `bold'
(Font)                  TU/TimesNewRoman(0)/m/n --> TU/TimesNewRoman(0)/b/n on 
input line 6.
LaTeX Font Info:    Overwriting math alphabet `\mathit' in version `bold'
(Font)                  OT1/cmr/bx/it --> TU/TimesNewRoman(0)/b/it on input lin
e 6.
LaTeX Font Info:    Overwriting math alphabet `\mathsf' in version `bold'
(Font)                  OT1/cmss/bx/n --> TU/lmss/b/n on input line 6.
LaTeX Font Info:    Overwriting math alphabet `\mathtt' in version `bold'
(Font)                  OT1/cmtt/m/n --> TU/lmtt/b/n on input line 6.

*geometry* driver: auto-detecting
*geometry* detected driver: xetex
*geometry* verbose mode - [ preamble ] result:
* driver: xetex
* paper: a4paper
* layout: <same size as paper>
* layoutoffset:(h,v)=(0.0pt,0.0pt)
* modes: 
* h-part:(L,W,R)=(85.35826pt, 469.47049pt, 42.67912pt)
* v-part:(T,H,B)=(56.9055pt, 731.23584pt, 56.9055pt)
* \paperwidth=597.50787pt
* \paperheight=845.04684pt
* \textwidth=469.47049pt
* \textheight=731.23584pt
* \oddsidemargin=13.08827pt
* \evensidemargin=13.08827pt
* \topmargin=-54.36449pt
* \headheight=14.0pt
* \headsep=25.0pt
* \topskip=14.0pt
* \footskip=30.0pt
* \marginparwidth=15.0pt
* \marginparsep=10.0pt
* \columnsep=10.0pt
* \skip\footins=12.0pt plus 4.0pt minus 2.0pt
* \hoffset=0.0pt
* \voffset=0.0pt
* \mag=1000
* \@twocolumnfalse
* \@twosidefalse
* \@mparswitchfalse
* \@reversemarginfalse
* (1in=72.27pt=25.4mm, 1cm=28.453pt)

Package caption Info: Begin \AtBeginDocument code.
Package caption Info: longtable package is loaded.
(/usr/local/texlive/2025/texmf-dist/tex/latex/caption/ltcaption.sty
Package: ltcaption 2021/01/08 v1.4c longtable captions (AR)
)
Package caption Info: End \AtBeginDocument code.
Package biblatex Info: Trying to load language 'english' -> 'english-gost'...
Package biblatex Info: ... file 'english-gost.lbx' found.

(/usr/local/texlive/2025/texmf-dist/tex/latex/biblatex-gost/english-gost.lbx
File: english-gost.lbx 2023/04/25 v1.24 biblatex-gost styles
Package biblatex Info: Trying to load language 'english'...
Package biblatex Info: ... file 'english.lbx' found.

(/usr/local/texlive/2025/texmf-dist/tex/latex/biblatex/lbx/english.lbx
File: english.lbx 2024/03/21 v3.20 biblatex localization (PK/MW)
)
Package biblatex Info: Trying to load language 'english'...
Package biblatex Info: ... file 'english.lbx' found.

(/usr/local/texlive/2025/texmf-dist/tex/latex/biblatex/lbx/english.lbx
File: english.lbx 2024/03/21 v3.20 biblatex localization (PK/MW)
))
Package biblatex Info: XeTeX detected.
(biblatex)             Assuming input encoding 'utf8'.
Package biblatex Info: Automatic encoding selection.
(biblatex)             Assuming data encoding 'utf8'.
\openout3 = `main.bcf'.

Package biblatex Info: Trying to load bibliographic data...
Package biblatex Info: ... file 'main.bbl' found.

(./main.bbl)
Package biblatex Info: Reference section=0 on input line 6.
Package biblatex Info: Reference segment=0 on input line 6.
 (./main.toc
LaTeX Font Info:    Trying to load font information for U+msa on input line 1.

(/usr/local/texlive/2025/texmf-dist/tex/latex/amsfonts/umsa.fd
File: umsa.fd 2013/01/14 v3.01 AMS symbols A
)
LaTeX Font Info:    Trying to load font information for U+msb on input line 1.

(/usr/local/texlive/2025/texmf-dist/tex/latex/amsfonts/umsb.fd
File: umsb.fd 2013/01/14 v3.01 AMS symbols B
)

[1


])
\tf@toc=\write4
\openout4 = `main.toc'.

 (./abbreviations.tex

[2])
Overfull \hbox (8.5688pt too wide) in paragraph at lines 6--26
\TU/TimesNewRoman(0)/m/n/14.4 dDP — Differentiable Dynamic Programming (диффере
нцируемое динамическое
 []



[3

] (./terms.tex)
Overfull \hbox (29.68486pt too wide) in paragraph at lines 7--30
\TU/TimesNewRoman(0)/m/n/14.4 Мотив — короткий консервативный паттерн в ДНК, св
язанный с функциональным
 []


Overfull \hbox (11.92627pt too wide) in paragraph at lines 7--30
\TU/TimesNewRoman(0)/m/n/14.4 Токенизация — процесс разбиения входной последова
тельности на дискретные
 []


Overfull \hbox (90.26938pt too wide) in paragraph at lines 7--30
\TU/TimesNewRoman(0)/m/n/14.4 Токенизатор — модуль, преобразующий входную после
довательность в последовательность
 []



[4


] (./intro.tex
Underfull \hbox (badness 2644) in paragraph at lines 5--6
[]\TU/TimesNewRoman(0)/m/n/14.4 За последние несколько лет глубокое обучение пр
ишло в геномику в
 []


Underfull \hbox (badness 2426) in paragraph at lines 7--8
\TU/TimesNewRoman(0)/m/n/14.4 разбить на дискретные единицы — токены. В геномик
е используют
 []


Underfull \hbox (badness 2903) in paragraph at lines 7--8
\TU/TimesNewRoman(0)/m/n/14.4 A, T, C, G — отдельный токен), фиксированные $\OM
L/cmm/m/it/14.4 k$\TU/TimesNewRoman(0)/m/n/14.4 -меры и BPE [7],
 []


Underfull \hbox (badness 1960) in paragraph at lines 9--10
[]\TU/TimesNewRoman(0)/m/n/14.4 Проблема в том, что геном неоднороден. Регулято
рные элементы —
 []


Underfull \hbox (badness 2495) in paragraph at lines 9--10
\TU/TimesNewRoman(0)/m/n/14.4 промоторы, энхансеры, сайты связывания транскрипц
ионных факторов
 []


Underfull \hbox (badness 3049) in paragraph at lines 9--10
\TU/TimesNewRoman(0)/m/n/14.4 А межгенные области и повторы занимают большую ча
сть генома и
 []


Underfull \hbox (badness 2293) in paragraph at lines 9--10
\TU/TimesNewRoman(0)/m/n/14.4 разрывают функциональные мотивы на произвольных г
раницах. BPE
 []


Underfull \hbox (badness 1354) in paragraph at lines 9--10
\TU/TimesNewRoman(0)/m/n/14.4 оптимизирует сжатие по частотности подстрок, а не
 по биологической
 []


Underfull \hbox (badness 3417) in paragraph at lines 9--10
\TU/TimesNewRoman(0)/m/n/14.4 около 45% генома [10], получают компактные токены
, а уникальные
 []



[5



]
Underfull \hbox (badness 10000) in paragraph at lines 18--19
[]\TU/TimesNewRoman(0)/m/n/14.4 разработать архитектуру адаптивного токенизатор
а на основе
 []


Underfull \hbox (badness 10000) in paragraph at lines 18--19
\TU/TimesNewRoman(0)/m/n/14.4 рекурсивного гейтированного слияния с дифференцир
уемым
 []


Underfull \hbox (badness 10000) in paragraph at lines 18--19
\TU/TimesNewRoman(0)/m/n/14.4 динамическим программированием и интеграцией биол
огических
 []


Underfull \hbox (badness 10000) in paragraph at lines 18--19
\TU/TimesNewRoman(0)/m/n/14.4 приоров (оценки консервативности, мотивы транскри
пционных
 []


Underfull \hbox (badness 10000) in paragraph at lines 19--20
[]\TU/TimesNewRoman(0)/m/n/14.4 интегрировать разработанный метод в языковую мо
дель ДНК с
 []


Underfull \hbox (badness 10000) in paragraph at lines 23--24
[]\TU/TimesNewRoman(0)/m/n/14.4 Объект исследования — языковые модели для нукле
отидных
 []


Underfull \hbox (badness 10000) in paragraph at lines 25--26
[]\TU/TimesNewRoman(0)/m/n/14.4 Предмет исследования — методы адаптивной токени
зации ДНК-
 []


Underfull \hbox (badness 10000) in paragraph at lines 29--30
[]\TU/TimesNewRoman(0)/m/n/14.4 предложена архитектура адаптивного токенизатора
 на основе
 []


Underfull \hbox (badness 10000) in paragraph at lines 30--31
[]\TU/TimesNewRoman(0)/m/n/14.4 разработан механизм интеграции биологических пр
иоров (оценки
 []


Underfull \hbox (badness 10000) in paragraph at lines 31--32
[]\TU/TimesNewRoman(0)/m/n/14.4 предложена составная функция потерь, объединяющ
ая NTP с
 []


Underfull \hbox (badness 10000) in paragraph at lines 31--32
\TU/TimesNewRoman(0)/m/n/14.4 регуляризаторами сжатия, энтропии решений, RC-сог
ласованности
 []



[6]
Underfull \hbox (badness 10000) in paragraph at lines 34--35
\TU/TimesNewRoman(0)/m/n/14.4 может быть встроен как модуль предобработки в сущ
ествующие
 []


Underfull \hbox (badness 1158) in paragraph at lines 34--35
\TU/TimesNewRoman(0)/m/n/14.4 с использованием PyTorch [27] и совместима с типо
выми пайплайнами
 []

) (./chapter1.tex
Underfull \hbox (badness 1448) in paragraph at lines 36--1
\TU/TimesNewRoman(0)/m/n/14.4 механизм дифференцируемого выбора пар, функцию по
терь, стратегию
 []



[7]
Chapter 1.

Underfull \hbox (badness 1571) in paragraph at lines 3--4
[]\TU/TimesNewRoman(0)/m/n/14.4 Настоящая глава охватывает три направления, на 
пересечении которых
 []


Underfull \hbox (badness 3590) in paragraph at lines 3--4
\TU/TimesNewRoman(0)/m/n/14.4 находится данное исследование: геномные языковые 
модели, методы
 []


Underfull \hbox (badness 1895) in paragraph at lines 7--8
\TU/TimesNewRoman(0)/m/n/14.4 в режиме самосупервизии и формируют представления
, которые затем
 []


Underfull \hbox (badness 6808) in paragraph at lines 7--8
\TU/TimesNewRoman(0)/m/n/14.4 порядка $\OT1/cmr/m/n/14.4 3[]1 \OMS/cmsy/m/n/14.
4 ^^B \OT1/cmr/m/n/14.4 10[]$ \TU/TimesNewRoman(0)/m/n/14.4 пар оснований [28],
 причём значительная часть
 []


Underfull \hbox (badness 1184) in paragraph at lines 15--16
\TU/TimesNewRoman(0)/m/n/14.4 мерами. Масштаб помогает на downstream-задачах, н
о фиксированные
 []


Underfull \hbox (badness 10000) in paragraph at lines 15--16
\TU/TimesNewRoman(0)/m/n/14.4 6-меры остаются ограничением: границы $\OML/cmm/m
/it/14.4 k$\TU/TimesNewRoman(0)/m/n/14.4 -меров не совпадают с
 []


Underfull \hbox (badness 3108) in paragraph at lines 17--18
[]\TU/TimesNewRoman(0)/m/n/14.4 GROVER [31] обучается на человеческом геноме с 
BPE-токенизацией
 []


Underfull \hbox (badness 4739) in paragraph at lines 17--18
\TU/TimesNewRoman(0)/m/n/14.4 и посимвольной инициализацией. Интересно, что выу
ченный BPE-
 []


Underfull \hbox (badness 4582) in paragraph at lines 21--22
[]\TU/TimesNewRoman(0)/m/n/14.4 State Space Models (SSM) [32] — альтернатива ме
ханизму внимания
 []



[8

]
Underfull \hbox (badness 5022) in paragraph at lines 23--24
[]\TU/TimesNewRoman(0)/m/n/14.4 HyenaDNA [1] построен на архитектуре Hyena (дли
нные свёртки) и
 []


Underfull \hbox (badness 4954) in paragraph at lines 23--24
\TU/TimesNewRoman(0)/m/n/14.4 работает посимвольно с окном до $\OT1/cmr/m/n/14.
4 10[]$ \TU/TimesNewRoman(0)/m/n/14.4 нуклеотидов. Посимвольная
 []


Underfull \hbox (badness 6559) in paragraph at lines 25--26
[]\TU/TimesNewRoman(0)/m/n/14.4 Caduceus [3] добавляет к SSM два свойства: двун
аправленность и
 []


Underfull \hbox (badness 7151) in paragraph at lines 25--26
\TU/TimesNewRoman(0)/m/n/14.4 RC-эквивариантность. ДНК — двуцепочечная молекула
, и многие
 []


Underfull \hbox (badness 10000) in paragraph at lines 25--26
\TU/TimesNewRoman(0)/m/n/14.4 функциональные элементы (мотивы TF, промоторы) ра
ботают на
 []


Underfull \hbox (badness 10000) in paragraph at lines 25--26
\TU/TimesNewRoman(0)/m/n/14.4 обеих цепях. RC-эквивариантная архитектура гарант
ирует, что
 []


Underfull \hbox (badness 1661) in paragraph at lines 31--32
[]\TU/TimesNewRoman(0)/m/n/14.4 HybriDNA [34] совмещает блоки Transformer и Mam
ba-2 [35], получая
 []


Underfull \hbox (badness 2680) in paragraph at lines 31--32
\TU/TimesNewRoman(0)/m/n/14.4 выразительность attention и эффективность SSM в о
дной архитектуре.
 []


Underfull \hbox (badness 7308) in paragraph at lines 31--32
\TU/TimesNewRoman(0)/m/n/14.4 Модель посимвольная, и при меньшем числе параметр
ов достигает
 []


Underfull \hbox (badness 4967) in paragraph at lines 33--34
\TU/TimesNewRoman(0)/m/n/14.4 регуляторных вариантов — от уровня нуклеотидов до
 хромосомного
 []


Underfull \hbox (badness 3826) in paragraph at lines 39--40
\TU/TimesNewRoman(0)/m/n/14.4 до $\OT1/cmr/m/n/14.4 10[]$ \TU/TimesNewRoman(0)/
m/n/14.4 в HyenaDNA. Это логично: взаимодействия вроде энхансер–
 []



[9]
Underfull \hbox (badness 3492) in paragraph at lines 43--44
\TU/TimesNewRoman(0)/m/n/14.4 адаптивной токенизации, которая сжимала бы послед
овательность без
 []


Underfull \hbox (badness 10000) in paragraph at lines 56--57
[]\TU/TimesNewRoman(0)/m/n/14.4 Разбиение на подстроки длины $\OML/cmm/m/it/14.
4 k$ \TU/TimesNewRoman(0)/m/n/14.4 сокращает вход в $\OML/cmm/m/it/14.4 k$ \TU/
TimesNewRoman(0)/m/n/14.4 раз (при
 []


Underfull \hbox (badness 5878) in paragraph at lines 56--57
\TU/TimesNewRoman(0)/m/n/14.4 неперекрывающихся $\OML/cmm/m/it/14.4 k$\TU/Times
NewRoman(0)/m/n/14.4 -мерах). Использовалось в DNABERT ($\OML/cmm/m/it/14.4 k \
OT1/cmr/m/n/14.4 =
 []


Underfull \hbox (badness 1210) in paragraph at lines 58--59
\TU/TimesNewRoman(0)/m/n/14.4 произвольны. Один и тот же мотив может быть разби
т по-разному в
 []


Underfull \hbox (badness 7186) in paragraph at lines 62--63
[]\TU/TimesNewRoman(0)/m/n/14.4 BPE [7] строит словарь итеративным слиянием наи
более частотных
 []


Underfull \hbox (badness 7832) in paragraph at lines 62--63
\TU/TimesNewRoman(0)/m/n/14.4 пар символов. Используется в DNABERT-2 [2] и GROV
ER [31].
 []


Underfull \hbox (badness 1210) in paragraph at lines 62--63
\TU/TimesNewRoman(0)/m/n/14.4 Токены получаются переменной длины, что частично 
решает проблему
 []


Underfull \hbox (badness 1371) in paragraph at lines 64--65
[]\TU/TimesNewRoman(0)/m/n/14.4 Однако BPE оптимизирует статистическое сжатие, 
а не биологическую
 []


Underfull \hbox (badness 4699) in paragraph at lines 64--65
\TU/TimesNewRoman(0)/m/n/14.4 высокой частотности. Уникальные регуляторные элем
енты остаются
 []



[10]
Underfull \hbox (badness 4328) in paragraph at lines 70--71
\TU/TimesNewRoman(0)/m/n/14.4 предлагает биологически обоснованные правила сегм
ентации, но они
 []


Underfull \hbox (badness 1852) in paragraph at lines 79--80
[]\TU/TimesNewRoman(0)/m/n/14.4 Charformer [22] вводит Gradient-Based Subword T
okenization (GBST) —
 []


Underfull \hbox (badness 1831) in paragraph at lines 79--80
\TU/TimesNewRoman(0)/m/n/14.4 модуль мягкой токенизации, обучаемый совместно с 
моделью. GBST
 []


Underfull \hbox (badness 3219) in paragraph at lines 79--80
\TU/TimesNewRoman(0)/m/n/14.4 скоры. Ограничение — одноуровневая группировка бе
з ограничения
 []


Underfull \hbox (badness 10000) in paragraph at lines 81--82
[]\TU/TimesNewRoman(0)/m/n/14.4 Funnel Transformer [37] применяет stride poolin
g для постепенного
 []


Underfull \hbox (badness 2150) in paragraph at lines 85--86
[]\TU/TimesNewRoman(0)/m/n/14.4 Byte Latent Transformer (BLT) [20] от Meta FAIR
 ближе всего к идее
 []



[11]
Underfull \hbox (badness 1776) in paragraph at lines 93--94
\TU/TimesNewRoman(0)/m/n/14.4 свёрточных экспертов с деформируемыми свёртками. 
Выбор эксперта
 []


Underfull \hbox (badness 3029) in paragraph at lines 97--98
\TU/TimesNewRoman(0)/m/n/14.4 совместно с языковой моделью. Концептуально близо
к к обучаемой
 []


Underfull \hbox (badness 4765) in paragraph at lines 99--100
\TU/TimesNewRoman(0)/m/n/14.4 консервативности. Высоко консервативные регионы п
олучают более
 []


Underfull \hbox (badness 10000) in paragraph at lines 107--108
\TU/TimesNewRoman(0)/m/n/14.4 или детерминистический механизм определения грани
ц, наличие
 []



[12]
Underfull \hbox (badness 1968) in paragraph at lines 109--110
[]\TU/TimesNewRoman(0)/m/n/14.4 Ни одна из рассмотренных работ не объединяет вс
е четыре свойства:
 []


Underfull \hbox (badness 4832) in paragraph at lines 109--110
\TU/TimesNewRoman(0)/m/n/14.4 рекурсивное многоуровневое слияние, дифференцируе
мое ограничение
 []


Underfull \hbox (badness 10000) in paragraph at lines 109--110
\TU/TimesNewRoman(0)/m/n/14.4 непересечения через DP, интеграцию биоприоров как
 обучаемого
 []


Underfull \hbox (badness 4181) in paragraph at lines 109--110
\TU/TimesNewRoman(0)/m/n/14.4 индуктивного смещения и температурный annealing д
ля минимизации
 []


Underfull \hbox (badness 10000) in paragraph at lines 114--115
[]\TU/TimesNewRoman(0)/m/n/14.4 Для систематической оценки геномных моделей нуж
ны
 []


Underfull \hbox (badness 1412) in paragraph at lines 118--119
[]\TU/TimesNewRoman(0)/m/n/14.4 BEND [41] добавляет более биологически значимые
 задачи: структура
 []


Underfull \hbox (badness 1609) in paragraph at lines 120--121
\TU/TimesNewRoman(0)/m/n/14.4 расширенном наборе задач. Результат примечателен:
 ни одна модель
 []



[13]
Underfull \hbox (badness 10000) in paragraph at lines 140--141
[]\TU/TimesNewRoman(0)/m/n/14.4 Появляющиеся работы по обучаемой токенизации ДН
К (MxDNA,
 []


Underfull \hbox (badness 1895) in paragraph at lines 140--141
\TU/TimesNewRoman(0)/m/n/14.4 MergeDNA, EvoLen и др.) решают отдельные аспекты 
проблемы, но
 []


Underfull \hbox (badness 1484) in paragraph at lines 140--141
\TU/TimesNewRoman(0)/m/n/14.4 ни одна не объединяет рекурсивное слияние, диффер
енцируемое DP и
 []

) (./chapter2.tex

[14]
Chapter 2.

Underfull \hbox (badness 10000) in paragraph at lines 3--4
[]\TU/TimesNewRoman(0)/m/n/14.4 В этой главе описана архитектура адаптивного то
кенизатора ДНК-
 []


Underfull \hbox (badness 3439) in paragraph at lines 3--4
\TU/TimesNewRoman(0)/m/n/14.4 последовательностей. Метод основан на рекурсивном
 гейтированном
 []


Underfull \hbox (badness 10000) in paragraph at lines 3--4
\TU/TimesNewRoman(0)/m/n/14.4 слиянии с дифференцируемым динамическим программи
рованием
 []


Underfull \hbox (badness 10000) in paragraph at lines 3--4
\TU/TimesNewRoman(0)/m/n/14.4 и обучается совместно с backbone-моделью на задач
е предсказания
 []


Underfull \hbox (badness 10000) in paragraph at lines 11--12
[]\TU/TimesNewRoman(0)/m/n/14.4 кодирование результата backbone-моделью на укор
оченной
 []


Underfull \hbox (badness 10000) in paragraph at lines 17--18
[]\TU/TimesNewRoman(0)/m/n/14.4 От фиксированного patching (MegaByte [21], Patc
hDNA [18]) метод
 []


Underfull \hbox (badness 10000) in paragraph at lines 17--18
\TU/TimesNewRoman(0)/m/n/14.4 (GBST в Charformer [22]) — рекурсивной схемой с о
граничением
 []


Underfull \hbox (badness 3724) in paragraph at lines 17--18
\TU/TimesNewRoman(0)/m/n/14.4 непересечения через дифференцируемое DP. От entro
py-based patching
 []


Underfull \hbox (badness 1137) in paragraph at lines 30--31
[]\TU/TimesNewRoman(0)/m/n/14.4 Словарь включает канонические нуклеотиды, симво
л $\OML/cmm/m/it/14.4 N$ \TU/TimesNewRoman(0)/m/n/14.4 и специальные
 []



[15

]
Underfull \hbox (badness 10000) in paragraph at lines 38--39
[]\TU/TimesNewRoman(0)/m/n/14.4 Инициализацию embedding matrix можно сделать би
ологически
 []


Underfull \hbox (badness 3568) in paragraph at lines 38--39
\TU/TimesNewRoman(0)/m/n/14.4 мотивированной: пурины $\OT1/cmr/m/n/14.4 (\OML/c
mm/m/it/14.4 A; G\OT1/cmr/m/n/14.4 )$ \TU/TimesNewRoman(0)/m/n/14.4 и пиримидин
ы $\OT1/cmr/m/n/14.4 (\OML/cmm/m/it/14.4 T; C\OT1/cmr/m/n/14.4 )$ \TU/TimesNewR
oman(0)/m/n/14.4 образуют две
 []


Underfull \hbox (badness 7759) in paragraph at lines 42--43
[]\TU/TimesNewRoman(0)/m/n/14.4 Используется Rotary Positional Embedding (RoPE)
 [43] — скалярное
 []


Underfull \hbox (badness 10000) in paragraph at lines 42--43
\TU/TimesNewRoman(0)/m/n/14.4 произведение двух закодированных позиций зависит 
только от
 []


Underfull \hbox (badness 3780) in paragraph at lines 42--43
\TU/TimesNewRoman(0)/m/n/14.4 относительного расстояния. Это полезно для рекурс
ивного слияния,
 []


Underfull \hbox (badness 1681) in paragraph at lines 56--57
[]\TU/TimesNewRoman(0)/m/n/14.4 ДНК — двуцепочечная молекула, и многие функцион
альные элементы
 []


Underfull \hbox (badness 3989) in paragraph at lines 63--64
[]\TU/TimesNewRoman(0)/m/n/14.4 На каждом уровне рекурсии $\OML/cmm/m/it/14.4 l
$ \TU/TimesNewRoman(0)/m/n/14.4 для каждой соседней пары $\OT1/cmr/m/n/14.4 (\O
ML/cmm/m/it/14.4 x[]; x[]\OT1/cmr/m/n/14.4 )$
 []



[16]

[17]
Underfull \hbox (badness 1748) in paragraph at lines 142--144
\TU/TimesNewRoman(0)/m/n/14.4 и $\OML/cmm/m/it/14.4 k$ \TU/TimesNewRoman(0)/m/n
/14.4 выбранных парах. Мягкие merge-веса $\OML/cmm/m/it/14.4 ^^K[] \OMS/cmsy/m/
n/14.4 2 \OT1/cmr/m/n/14.4 [0\OML/cmm/m/it/14.4 ; \OT1/cmr/m/n/14.4 1]$ \TU/Tim
esNewRoman(0)/m/n/14.4 извлекаются
 []


Underfull \hbox (badness 1173) in paragraph at lines 142--144
\TU/TimesNewRoman(0)/m/n/14.4 как производная $\OML/cmm/m/it/14.4 @D\OT1/cmr/m/
n/14.4 [\OML/cmm/m/it/14.4 N; K\OT1/cmr/m/n/14.4 ]/\OML/cmm/m/it/14.4 @s[]$\TU/
TimesNewRoman(0)/m/n/14.4 , что интерпретируется как маргинальная
 []



[18]
Underfull \hbox (badness 10000) in paragraph at lines 145--146
[]\TU/TimesNewRoman(0)/m/n/14.4 В качестве альтернативы рассматривается Straigh
t-Through Estimator
 []


Underfull \hbox (badness 1540) in paragraph at lines 149--150
[]\TU/TimesNewRoman(0)/m/n/14.4 Для каждой выбранной пары объединённое представ
ление вычисляется
 []


Underfull \hbox (badness 10000) in paragraph at lines 169--170
[]\TU/TimesNewRoman(0)/m/n/14.4 Мягкий selection при обучении и жёсткий при инф
еренсе создают
 []


Underfull \hbox (badness 6978) in paragraph at lines 169--170
\TU/TimesNewRoman(0)/m/n/14.4 расхождение. Для мониторинга отслеживается доля «
неуверенных»
 []


Underfull \hbox (badness 1077) in paragraph at lines 169--170
\TU/TimesNewRoman(0)/m/n/14.4 разность val loss между режимами. Если разность п
ревышает $\OT1/cmr/m/n/14.4 0[]05$ \TU/TimesNewRoman(0)/m/n/14.4 —
 []


Underfull \hbox (badness 10000) in paragraph at lines 176--177
[]\TU/TimesNewRoman(0)/m/n/14.4 После слияния каждый токен $\OML/cmm/m/it/14.4 
j$ \TU/TimesNewRoman(0)/m/n/14.4 покрывает непрерывный диапазон
 []


Underfull \hbox (badness 4242) in paragraph at lines 176--177
\OT1/cmr/m/n/14.4 [\OML/cmm/m/it/14.4 a[]; b[]\OT1/cmr/m/n/14.4 ]$ \TU/TimesNew
Roman(0)/m/n/14.4 в исходной последовательности. RoPE частично размывается
 []


Underfull \hbox (badness 2521) in paragraph at lines 176--177
\TU/TimesNewRoman(0)/m/n/14.4 после нелинейных MLP, поэтому перед backbone повт
орно внедряется
 []



[19]
Underfull \hbox (badness 4660) in paragraph at lines 182--183
[]\TU/TimesNewRoman(0)/m/n/14.4 Укороченная последовательность ($\OML/cmm/m/it/
14.4 N \OMS/cmsy/m/n/14.4 ^^\ \OML/cmm/m/it/14.4 L$ \TU/TimesNewRoman(0)/m/n/14
.4 токенов) обрабатывается
 []


Underfull \hbox (badness 3690) in paragraph at lines 187--188
[]\TU/TimesNewRoman(0)/m/n/14.4 Целевая функция определена на уровне нуклеотидо
в, поэтому нужно
 []


Underfull \hbox (badness 10000) in paragraph at lines 197--198
\TU/TimesNewRoman(0)/m/n/14.4 intra-span causal decoder, где нуклеотиды внутри 
каждого спана
 []



[20]
Underfull \hbox (badness 1184) in paragraph at lines 222--223
[]\TU/TimesNewRoman(0)/m/n/14.4 Entropy regularization поощряет exploration реш
ений на ранних стадиях.
 []


Underfull \hbox (badness 1127) in paragraph at lines 224--225
[]\TU/TimesNewRoman(0)/m/n/14.4 RC-consistency regularization штрафует расхожде
ние merge-скоров между
 []



[21]
Underfull \hbox (badness 3168) in paragraph at lines 252--253
[]\TU/TimesNewRoman(0)/m/n/14.4 Phase 1 (backbone warmup, steps 0–5000): merge 
pipeline заморожен,
 []


Underfull \hbox (badness 2065) in paragraph at lines 254--255
[]\TU/TimesNewRoman(0)/m/n/14.4 Phase 2 (joint training, steps 5000–90000): mer
ge pipeline разморожен.
 []



[22]
Underfull \hbox (badness 10000) in paragraph at lines 293--294
[]\TU/TimesNewRoman(0)/m/n/14.4 Предложена архитектура адаптивного токенизатора
, отличающаяся
 []


Underfull \hbox (badness 10000) in paragraph at lines 293--294
\TU/TimesNewRoman(0)/m/n/14.4 от существующих работ комбинацией рекурсивного сл
ияния,
 []


Underfull \hbox (badness 2057) in paragraph at lines 293--294
\TU/TimesNewRoman(0)/m/n/14.4 дифференцируемого DP через log-semiring и интегра
ции биоприоров в
 []

) (./conclusion.tex
Underfull \hbox (badness 10000) in paragraph at lines 295--1
[]\TU/TimesNewRoman(0)/m/n/14.4 Описаны составная функция потерь с четырьмя рег
уляризаторами,
 []


Underfull \hbox (badness 1990) in paragraph at lines 295--1
\TU/TimesNewRoman(0)/m/n/14.4 трёхфазная стратегия обучения и план эксперименто
в на DART-Eval с
 []



[23]
Underfull \hbox (badness 10000) in paragraph at lines 8--9
[]\TU/TimesNewRoman(0)/m/n/14.4 разработанная методика оправдана с точки зрения
 теоретических
 []

)

[24

]

[25

]
Underfull \hbox (badness 5288) in paragraph at lines 45--45
\TU/TimesNewRoman(0)/m/n/14.4 formers / L. Yu [et al.]. — 2023. — arXiv: $[][][
][] [] [][][][][]$. —
 []



[26]

[27]

[28]

[29] (./appA.tex

[30]
ПРИЛОЖЕНИЕ А.

Underfull \hbox (badness 10000) in paragraph at lines 19--23
[]\TU/TimesNewRoman(0)/b/n/14.4 1 НАЗВАНИЕ
 []


Underfull \hbox (badness 10000) in paragraph at lines 19--23
\TU/TimesNewRoman(0)/b/n/14.4 1.1 Название
 []


Underfull \hbox (badness 10000) in paragraph at lines 19--23
\TU/TimesNewRoman(0)/m/n/14.4 1.1.1 Название
 []


Underfull \hbox (badness 10000) in paragraph at lines 19--23
\TU/TimesNewRoman(0)/m/n/14.4 1.1.2 Название
 []


Underfull \hbox (badness 10000) in paragraph at lines 24--28
\TU/TimesNewRoman(0)/b/n/14.4 1.1 Название
 []


Underfull \hbox (badness 10000) in paragraph at lines 24--28
\TU/TimesNewRoman(0)/m/n/14.4 1.1.1 Название
 []


Underfull \hbox (badness 10000) in paragraph at lines 24--28
\TU/TimesNewRoman(0)/m/n/14.4 1.1.2 Название
 []


Underfull \hbox (badness 10000) in paragraph at lines 29--33
\TU/TimesNewRoman(0)/m/n/14.4 1.1 Название
 []


Underfull \hbox (badness 10000) in paragraph at lines 29--33
\TU/TimesNewRoman(0)/m/n/14.4 1.1.1 Название
 []


Underfull \hbox (badness 10000) in paragraph at lines 29--33
\TU/TimesNewRoman(0)/m/n/14.4 1.1.2 Название
 []

File: example.jpg Graphic file (type bmp)
<example.jpg>

LaTeX Warning: `!h' float specifier changed to `!ht'.


Overfull \hbox (19.53648pt too wide) in paragraph at lines 68--68
 [][] 
 []


LaTeX Warning: `!h' float specifier changed to `!ht'.


Overfull \hbox (19.53648pt too wide) in paragraph at lines 68--68
 [][] 
 []


LaTeX Warning: `!h' float specifier changed to `!ht'.



[31

]
Underfull \hbox (badness 10000) in paragraph at lines 76--78
[]\TU/TimesNewRoman(0)/m/n/14.4 Информационно-сервисная служба для обслуживания
 удалённых
 []



[32])
Underfull \hbox (badness 10000) in paragraph at lines 121--52
[]\TU/TimesNewRoman(0)/b/n/14.4 Инструкция: \TU/TimesNewRoman(0)/m/n/14.4 Прило
жение содержит дополнительные материалы,
 []


Underfull \hbox (badness 6332) in paragraph at lines 121--52
\TU/TimesNewRoman(0)/m/n/14.4 не вошедшие в основной текст работы. В него можно
 включать
 []


Underfull \hbox (badness 2080) in paragraph at lines 121--52
\TU/TimesNewRoman(0)/m/n/14.4 изображения, таблицы, программный код, результаты
 экспериментов и
 []



[33] (./main.aux)
 ***********
LaTeX2e <2024-11-01> patch level 2
L3 programming layer <2025-01-18>
 ***********
Package logreq Info: Writing requests to 'main.run.xml'.
\openout1 = `main.run.xml'.

 ) 
Here is how much of TeX's memory you used:
 17659 strings out of 473832
 381731 string characters out of 5729481
 1403386 words of memory out of 5000000
 40504 multiletter control sequences out of 15000+600000
 561620 words of font info for 70 fonts, out of 8000000 for 9000
 1348 hyphenation exceptions out of 8191
 84i,12n,96p,1170b,5141s stack positions out of 10000i,1000n,20000p,200000b,200000s

Output written on main.xdv (33 pages, 554484 bytes).
